[0.009s] Invoking command in '/home/tirth/ENPM700/ros2/my_beginner_tutorials/beginner_tutorials/build/beginner_tutorials': CMAKE_PREFIX_PATH=${CMAKE_PREFIX_PATH}:/opt/ros/humble /usr/bin/cmake /home/tirth/ENPM700/ros2/my_beginner_tutorials/beginner_tutorials -DCMAKE_INSTALL_PREFIX=/home/tirth/ENPM700/ros2/my_beginner_tutorials/beginner_tutorials/install/beginner_tutorials
[0.065s] -- The C compiler identification is GNU 11.4.0
[0.117s] -- The CXX compiler identification is GNU 11.4.0
[0.122s] -- Detecting C compiler ABI info
[0.189s] -- Detecting C compiler ABI info - done
[0.197s] -- Check for working C compiler: /usr/bin/cc - skipped
[0.197s] -- Detecting C compile features
[0.198s] -- Detecting C compile features - done
[0.200s] -- Detecting CXX compiler ABI info
[0.270s] -- Detecting CXX compiler ABI info - done
[0.276s] -- Check for working CXX compiler: /usr/bin/c++ - skipped
[0.276s] -- Detecting CXX compile features
[0.276s] -- Detecting CXX compile features - done
[0.277s] -- Found ament_cmake: 1.3.10 (/opt/ros/humble/share/ament_cmake/cmake)
[0.416s] -- Found Python3: /usr/bin/python3 (found version "3.10.12") found components: Interpreter 
[0.481s] -- Found rclcpp: 16.0.10 (/opt/ros/humble/share/rclcpp/cmake)
[0.515s] -- Found rosidl_generator_c: 3.1.5 (/opt/ros/humble/share/rosidl_generator_c/cmake)
[0.519s] -- Found rosidl_adapter: 3.1.5 (/opt/ros/humble/share/rosidl_adapter/cmake)
[0.525s] -- Found rosidl_generator_cpp: 3.1.5 (/opt/ros/humble/share/rosidl_generator_cpp/cmake)
[0.535s] -- Using all available rosidl_typesupport_c: rosidl_typesupport_fastrtps_c;rosidl_typesupport_introspection_c
[0.549s] -- Using all available rosidl_typesupport_cpp: rosidl_typesupport_fastrtps_cpp;rosidl_typesupport_introspection_cpp
[0.584s] -- Found rmw_implementation_cmake: 6.1.2 (/opt/ros/humble/share/rmw_implementation_cmake/cmake)
[0.587s] -- Found rmw_fastrtps_cpp: 6.2.7 (/opt/ros/humble/share/rmw_fastrtps_cpp/cmake)
[0.672s] -- Found OpenSSL: /usr/lib/x86_64-linux-gnu/libcrypto.so (found version "3.0.2")  
[0.698s] -- Found FastRTPS: /opt/ros/humble/include  
[0.725s] -- Using RMW implementation 'rmw_fastrtps_cpp' as default
[0.732s] -- Looking for pthread.h
[0.799s] -- Looking for pthread.h - found
[0.799s] -- Performing Test CMAKE_HAVE_LIBC_PTHREAD
[0.881s] -- Performing Test CMAKE_HAVE_LIBC_PTHREAD - Success
[0.882s] -- Found Threads: TRUE  
[0.930s] -- Found ament_lint_auto: 0.12.11 (/opt/ros/humble/share/ament_lint_auto/cmake)
[0.982s] -- Added test 'cppcheck' to perform static code analysis on C / C++ code
[0.982s] -- Configured cppcheck include dirs: 
[0.982s] -- Configured cppcheck exclude dirs and/or files: 
[0.983s] -- Added test 'lint_cmake' to check CMake code style
[0.985s] -- Added test 'uncrustify' to check C / C++ code style
[0.985s] -- Configured uncrustify additional arguments: 
[0.986s] -- Added test 'xmllint' to check XML markup files
[0.987s] -- Configuring done
[0.993s] -- Generating done
[0.996s] -- Build files have been written to: /home/tirth/ENPM700/ros2/my_beginner_tutorials/beginner_tutorials/build/beginner_tutorials
[1.001s] Invoked command in '/home/tirth/ENPM700/ros2/my_beginner_tutorials/beginner_tutorials/build/beginner_tutorials' returned '0': CMAKE_PREFIX_PATH=${CMAKE_PREFIX_PATH}:/opt/ros/humble /usr/bin/cmake /home/tirth/ENPM700/ros2/my_beginner_tutorials/beginner_tutorials -DCMAKE_INSTALL_PREFIX=/home/tirth/ENPM700/ros2/my_beginner_tutorials/beginner_tutorials/install/beginner_tutorials
[1.003s] Invoking command in '/home/tirth/ENPM700/ros2/my_beginner_tutorials/beginner_tutorials/build/beginner_tutorials': CMAKE_PREFIX_PATH=${CMAKE_PREFIX_PATH}:/opt/ros/humble /usr/bin/cmake --build /home/tirth/ENPM700/ros2/my_beginner_tutorials/beginner_tutorials/build/beginner_tutorials -- -j16 -l16
[1.057s] [ 25%] [32mBuilding CXX object CMakeFiles/listener.dir/src/subscriber_member_function.cpp.o[0m
[1.057s] [ 50%] [32mBuilding CXX object CMakeFiles/talker.dir/src/publisher_member_function.cpp.o[0m
[3.732s] [ 75%] [32m[1mLinking CXX executable talker[0m
[3.859s] [ 75%] Built target talker
[5.944s] [100%] [32m[1mLinking CXX executable listener[0m
[6.178s] [100%] Built target listener
[6.188s] Invoked command in '/home/tirth/ENPM700/ros2/my_beginner_tutorials/beginner_tutorials/build/beginner_tutorials' returned '0': CMAKE_PREFIX_PATH=${CMAKE_PREFIX_PATH}:/opt/ros/humble /usr/bin/cmake --build /home/tirth/ENPM700/ros2/my_beginner_tutorials/beginner_tutorials/build/beginner_tutorials -- -j16 -l16
[6.198s] Invoking command in '/home/tirth/ENPM700/ros2/my_beginner_tutorials/beginner_tutorials/build/beginner_tutorials': CMAKE_PREFIX_PATH=${CMAKE_PREFIX_PATH}:/opt/ros/humble /usr/bin/cmake --install /home/tirth/ENPM700/ros2/my_beginner_tutorials/beginner_tutorials/build/beginner_tutorials
[6.207s] -- Install configuration: ""
[6.207s] -- Installing: /home/tirth/ENPM700/ros2/my_beginner_tutorials/beginner_tutorials/install/beginner_tutorials/lib/beginner_tutorials/talker
[6.208s] -- Set runtime path of "/home/tirth/ENPM700/ros2/my_beginner_tutorials/beginner_tutorials/install/beginner_tutorials/lib/beginner_tutorials/talker" to ""
[6.208s] -- Installing: /home/tirth/ENPM700/ros2/my_beginner_tutorials/beginner_tutorials/install/beginner_tutorials/lib/beginner_tutorials/listener
[6.210s] -- Set runtime path of "/home/tirth/ENPM700/ros2/my_beginner_tutorials/beginner_tutorials/install/beginner_tutorials/lib/beginner_tutorials/listener" to ""
[6.211s] -- Installing: /home/tirth/ENPM700/ros2/my_beginner_tutorials/beginner_tutorials/install/beginner_tutorials/share/ament_index/resource_index/package_run_dependencies/beginner_tutorials
[6.211s] -- Installing: /home/tirth/ENPM700/ros2/my_beginner_tutorials/beginner_tutorials/install/beginner_tutorials/share/ament_index/resource_index/parent_prefix_path/beginner_tutorials
[6.211s] -- Installing: /home/tirth/ENPM700/ros2/my_beginner_tutorials/beginner_tutorials/install/beginner_tutorials/share/beginner_tutorials/environment/ament_prefix_path.sh
[6.211s] -- Installing: /home/tirth/ENPM700/ros2/my_beginner_tutorials/beginner_tutorials/install/beginner_tutorials/share/beginner_tutorials/environment/ament_prefix_path.dsv
[6.211s] -- Installing: /home/tirth/ENPM700/ros2/my_beginner_tutorials/beginner_tutorials/install/beginner_tutorials/share/beginner_tutorials/environment/path.sh
[6.211s] -- Installing: /home/tirth/ENPM700/ros2/my_beginner_tutorials/beginner_tutorials/install/beginner_tutorials/share/beginner_tutorials/environment/path.dsv
[6.211s] -- Installing: /home/tirth/ENPM700/ros2/my_beginner_tutorials/beginner_tutorials/install/beginner_tutorials/share/beginner_tutorials/local_setup.bash
[6.211s] -- Installing: /home/tirth/ENPM700/ros2/my_beginner_tutorials/beginner_tutorials/install/beginner_tutorials/share/beginner_tutorials/local_setup.sh
[6.211s] -- Installing: /home/tirth/ENPM700/ros2/my_beginner_tutorials/beginner_tutorials/install/beginner_tutorials/share/beginner_tutorials/local_setup.zsh
[6.211s] -- Installing: /home/tirth/ENPM700/ros2/my_beginner_tutorials/beginner_tutorials/install/beginner_tutorials/share/beginner_tutorials/local_setup.dsv
[6.212s] -- Installing: /home/tirth/ENPM700/ros2/my_beginner_tutorials/beginner_tutorials/install/beginner_tutorials/share/beginner_tutorials/package.dsv
[6.212s] -- Installing: /home/tirth/ENPM700/ros2/my_beginner_tutorials/beginner_tutorials/install/beginner_tutorials/share/ament_index/resource_index/packages/beginner_tutorials
[6.212s] -- Installing: /home/tirth/ENPM700/ros2/my_beginner_tutorials/beginner_tutorials/install/beginner_tutorials/share/beginner_tutorials/cmake/beginner_tutorialsConfig.cmake
[6.212s] -- Installing: /home/tirth/ENPM700/ros2/my_beginner_tutorials/beginner_tutorials/install/beginner_tutorials/share/beginner_tutorials/cmake/beginner_tutorialsConfig-version.cmake
[6.212s] -- Installing: /home/tirth/ENPM700/ros2/my_beginner_tutorials/beginner_tutorials/install/beginner_tutorials/share/beginner_tutorials/package.xml
[6.213s] Invoked command in '/home/tirth/ENPM700/ros2/my_beginner_tutorials/beginner_tutorials/build/beginner_tutorials' returned '0': CMAKE_PREFIX_PATH=${CMAKE_PREFIX_PATH}:/opt/ros/humble /usr/bin/cmake --install /home/tirth/ENPM700/ros2/my_beginner_tutorials/beginner_tutorials/build/beginner_tutorials
