[0.072s] [34mcolcon[0m [1;30mDEBUG[0m [32mCommand line arguments: ['/usr/bin/colcon', 'build'][0m
[0.072s] [34mcolcon[0m [1;30mDEBUG[0m [32mParsed command line arguments: Namespace(log_base=None, log_level=None, verb_name='build', build_base='build', install_base='install', merge_install=False, symlink_install=False, test_result_base=None, continue_on_error=False, executor='parallel', parallel_workers=16, event_handlers=None, ignore_user_meta=False, metas=['./colcon.meta'], base_paths=['.'], packages_ignore=None, packages_ignore_regex=None, paths=None, packages_up_to=None, packages_up_to_regex=None, packages_above=None, packages_above_and_dependencies=None, packages_above_depth=None, packages_select_by_dep=None, packages_skip_by_dep=None, packages_skip_up_to=None, packages_select_build_failed=False, packages_skip_build_finished=False, packages_select_test_failures=False, packages_skip_test_passed=False, packages_select=None, packages_skip=None, packages_select_regex=None, packages_skip_regex=None, packages_start=None, packages_end=None, allow_overriding=[], cmake_args=None, cmake_target=None, cmake_target_skip_unavailable=False, cmake_clean_cache=False, cmake_clean_first=False, cmake_force_configure=False, ament_cmake_args=None, catkin_cmake_args=None, catkin_skip_building_tests=False, mixin_files=None, mixin=None, verb_parser=<colcon_mixin.mixin.mixin_argument.MixinArgumentDecorator object at 0x745dcfd07e80>, verb_extension=<colcon_core.verb.build.BuildVerb object at 0x745dcfd07610>, main=<bound method BuildVerb.main of <colcon_core.verb.build.BuildVerb object at 0x745dcfd07610>>, mixin_verb=('build',))[0m
[0.181s] [34mcolcon.colcon_core.package_discovery[0m [1;30mLevel 1[0m discover_packages(colcon_meta) check parameters
[0.181s] [34mcolcon.colcon_core.package_discovery[0m [1;30mLevel 1[0m discover_packages(recursive) check parameters
[0.181s] [34mcolcon.colcon_core.package_discovery[0m [1;30mLevel 1[0m discover_packages(ignore) check parameters
[0.181s] [34mcolcon.colcon_core.package_discovery[0m [1;30mLevel 1[0m discover_packages(path) check parameters
[0.181s] [34mcolcon.colcon_core.package_discovery[0m [1;30mLevel 1[0m discover_packages(colcon_meta) discover
[0.181s] [34mcolcon.colcon_core.package_discovery[0m [1;30mLevel 1[0m discover_packages(recursive) discover
[0.181s] [34mcolcon.colcon_core.package_discovery[0m [1;30mINFO[0m Crawling recursively for packages in '/home/tirth/ENPM700/ros2/my_beginner_tutorials/beginner_tutorials'
[0.181s] [34mcolcon.colcon_core.package_identification[0m [1;30mLevel 1[0m _identify(.) by extensions ['ignore', 'ignore_ament_install']
[0.181s] [34mcolcon.colcon_core.package_identification[0m [1;30mLevel 1[0m _identify(.) by extension 'ignore'
[0.181s] [34mcolcon.colcon_core.package_identification[0m [1;30mLevel 1[0m _identify(.) by extension 'ignore_ament_install'
[0.181s] [34mcolcon.colcon_core.package_identification[0m [1;30mLevel 1[0m _identify(.) by extensions ['colcon_pkg']
[0.181s] [34mcolcon.colcon_core.package_identification[0m [1;30mLevel 1[0m _identify(.) by extension 'colcon_pkg'
[0.181s] [34mcolcon.colcon_core.package_identification[0m [1;30mLevel 1[0m _identify(.) by extensions ['colcon_meta']
[0.181s] [34mcolcon.colcon_core.package_identification[0m [1;30mLevel 1[0m _identify(.) by extension 'colcon_meta'
[0.181s] [34mcolcon.colcon_core.package_identification[0m [1;30mLevel 1[0m _identify(.) by extensions ['ros']
[0.181s] [34mcolcon.colcon_core.package_identification[0m [1;30mLevel 1[0m _identify(.) by extension 'ros'
[0.194s] [34mcolcon.colcon_core.package_identification[0m [1;30mDEBUG[0m [32mPackage '.' with type 'ros.ament_cmake' and name 'beginner_tutorials'[0m
[0.194s] [34mcolcon.colcon_core.package_discovery[0m [1;30mLevel 1[0m discover_packages(recursive) using defaults
[0.195s] [34mcolcon.colcon_core.package_discovery[0m [1;30mLevel 1[0m discover_packages(ignore) discover
[0.195s] [34mcolcon.colcon_core.package_discovery[0m [1;30mLevel 1[0m discover_packages(ignore) using defaults
[0.195s] [34mcolcon.colcon_core.package_discovery[0m [1;30mLevel 1[0m discover_packages(path) discover
[0.195s] [34mcolcon.colcon_core.package_discovery[0m [1;30mLevel 1[0m discover_packages(path) using defaults
[0.204s] [34mcolcon.colcon_core.package_discovery[0m [1;30mLevel 1[0m discover_packages(prefix_path) check parameters
[0.204s] [34mcolcon.colcon_core.package_discovery[0m [1;30mLevel 1[0m discover_packages(prefix_path) discover
[0.205s] [34mcolcon.colcon_installed_package_information.package_discovery[0m [1;30mDEBUG[0m [32mFound 1 installed packages in /home/tirth/ENPM700/ros2/my_beginner_tutorials/install[0m
[0.206s] [34mcolcon.colcon_installed_package_information.package_discovery[0m [1;30mDEBUG[0m [32mFound 333 installed packages in /opt/ros/humble[0m
[0.207s] [34mcolcon.colcon_core.package_discovery[0m [1;30mLevel 1[0m discover_packages(prefix_path) using defaults
[0.231s] [34mcolcon.colcon_core.verb[0m [1;30mLevel 5[0m set package 'beginner_tutorials' build argument 'cmake_args' from command line to 'None'
[0.231s] [34mcolcon.colcon_core.verb[0m [1;30mLevel 5[0m set package 'beginner_tutorials' build argument 'cmake_target' from command line to 'None'
[0.231s] [34mcolcon.colcon_core.verb[0m [1;30mLevel 5[0m set package 'beginner_tutorials' build argument 'cmake_target_skip_unavailable' from command line to 'False'
[0.231s] [34mcolcon.colcon_core.verb[0m [1;30mLevel 5[0m set package 'beginner_tutorials' build argument 'cmake_clean_cache' from command line to 'False'
[0.231s] [34mcolcon.colcon_core.verb[0m [1;30mLevel 5[0m set package 'beginner_tutorials' build argument 'cmake_clean_first' from command line to 'False'
[0.231s] [34mcolcon.colcon_core.verb[0m [1;30mLevel 5[0m set package 'beginner_tutorials' build argument 'cmake_force_configure' from command line to 'False'
[0.231s] [34mcolcon.colcon_core.verb[0m [1;30mLevel 5[0m set package 'beginner_tutorials' build argument 'ament_cmake_args' from command line to 'None'
[0.231s] [34mcolcon.colcon_core.verb[0m [1;30mLevel 5[0m set package 'beginner_tutorials' build argument 'catkin_cmake_args' from command line to 'None'
[0.231s] [34mcolcon.colcon_core.verb[0m [1;30mLevel 5[0m set package 'beginner_tutorials' build argument 'catkin_skip_building_tests' from command line to 'False'
[0.231s] [34mcolcon.colcon_core.verb[0m [1;30mDEBUG[0m [32mBuilding package 'beginner_tutorials' with the following arguments: {'ament_cmake_args': None, 'build_base': '/home/tirth/ENPM700/ros2/my_beginner_tutorials/beginner_tutorials/build/beginner_tutorials', 'catkin_cmake_args': None, 'catkin_skip_building_tests': False, 'cmake_args': None, 'cmake_clean_cache': False, 'cmake_clean_first': False, 'cmake_force_configure': False, 'cmake_target': None, 'cmake_target_skip_unavailable': False, 'install_base': '/home/tirth/ENPM700/ros2/my_beginner_tutorials/beginner_tutorials/install/beginner_tutorials', 'merge_install': False, 'path': '/home/tirth/ENPM700/ros2/my_beginner_tutorials/beginner_tutorials', 'symlink_install': False, 'test_result_base': None}[0m
[0.231s] [34mcolcon.colcon_core.executor[0m [1;30mINFO[0m Executing jobs using 'parallel' executor
[0.232s] [34mcolcon.colcon_parallel_executor.executor.parallel[0m [1;30mDEBUG[0m [32mrun_until_complete[0m
[0.232s] [34mcolcon.colcon_ros.task.ament_cmake.build[0m [1;30mINFO[0m Building ROS package in '/home/tirth/ENPM700/ros2/my_beginner_tutorials/beginner_tutorials' with build type 'ament_cmake'
[0.232s] [34mcolcon.colcon_cmake.task.cmake.build[0m [1;30mINFO[0m Building CMake package in '/home/tirth/ENPM700/ros2/my_beginner_tutorials/beginner_tutorials'
[0.233s] [34mcolcon.colcon_core.plugin_system[0m [1;30mINFO[0m Skipping extension 'colcon_core.shell.bat': Not used on non-Windows systems
[0.233s] [34mcolcon.colcon_core.shell[0m [1;30mINFO[0m Skip shell extension 'powershell' for command environment: Not usable outside of PowerShell
[0.233s] [34mcolcon.colcon_core.shell[0m [1;30mDEBUG[0m [32mSkip shell extension 'dsv' for command environment[0m
[0.242s] [34mcolcon.colcon_core.event_handler.log_command[0m [1;30mDEBUG[0m [32mInvoking command in '/home/tirth/ENPM700/ros2/my_beginner_tutorials/beginner_tutorials/build/beginner_tutorials': CMAKE_PREFIX_PATH=${CMAKE_PREFIX_PATH}:/opt/ros/humble /usr/bin/cmake /home/tirth/ENPM700/ros2/my_beginner_tutorials/beginner_tutorials -DCMAKE_INSTALL_PREFIX=/home/tirth/ENPM700/ros2/my_beginner_tutorials/beginner_tutorials/install/beginner_tutorials[0m
[1.234s] [34mcolcon.colcon_core.event_handler.log_command[0m [1;30mDEBUG[0m [32mInvoked command in '/home/tirth/ENPM700/ros2/my_beginner_tutorials/beginner_tutorials/build/beginner_tutorials' returned '0': CMAKE_PREFIX_PATH=${CMAKE_PREFIX_PATH}:/opt/ros/humble /usr/bin/cmake /home/tirth/ENPM700/ros2/my_beginner_tutorials/beginner_tutorials -DCMAKE_INSTALL_PREFIX=/home/tirth/ENPM700/ros2/my_beginner_tutorials/beginner_tutorials/install/beginner_tutorials[0m
[1.235s] [34mcolcon.colcon_core.event_handler.log_command[0m [1;30mDEBUG[0m [32mInvoking command in '/home/tirth/ENPM700/ros2/my_beginner_tutorials/beginner_tutorials/build/beginner_tutorials': CMAKE_PREFIX_PATH=${CMAKE_PREFIX_PATH}:/opt/ros/humble /usr/bin/cmake --build /home/tirth/ENPM700/ros2/my_beginner_tutorials/beginner_tutorials/build/beginner_tutorials -- -j16 -l16[0m
[6.420s] [34mcolcon.colcon_core.event_handler.log_command[0m [1;30mDEBUG[0m [32mInvoked command in '/home/tirth/ENPM700/ros2/my_beginner_tutorials/beginner_tutorials/build/beginner_tutorials' returned '0': CMAKE_PREFIX_PATH=${CMAKE_PREFIX_PATH}:/opt/ros/humble /usr/bin/cmake --build /home/tirth/ENPM700/ros2/my_beginner_tutorials/beginner_tutorials/build/beginner_tutorials -- -j16 -l16[0m
[6.430s] [34mcolcon.colcon_core.event_handler.log_command[0m [1;30mDEBUG[0m [32mInvoking command in '/home/tirth/ENPM700/ros2/my_beginner_tutorials/beginner_tutorials/build/beginner_tutorials': CMAKE_PREFIX_PATH=${CMAKE_PREFIX_PATH}:/opt/ros/humble /usr/bin/cmake --install /home/tirth/ENPM700/ros2/my_beginner_tutorials/beginner_tutorials/build/beginner_tutorials[0m
[6.445s] [34mcolcon.colcon_core.environment[0m [1;30mLevel 1[0m create_environment_scripts_only(beginner_tutorials)
[6.445s] [34mcolcon.colcon_core.event_handler.log_command[0m [1;30mDEBUG[0m [32mInvoked command in '/home/tirth/ENPM700/ros2/my_beginner_tutorials/beginner_tutorials/build/beginner_tutorials' returned '0': CMAKE_PREFIX_PATH=${CMAKE_PREFIX_PATH}:/opt/ros/humble /usr/bin/cmake --install /home/tirth/ENPM700/ros2/my_beginner_tutorials/beginner_tutorials/build/beginner_tutorials[0m
[6.448s] [34mcolcon.colcon_core.environment[0m [1;30mLevel 1[0m checking '/home/tirth/ENPM700/ros2/my_beginner_tutorials/beginner_tutorials/install/beginner_tutorials' for CMake module files
[6.449s] [34mcolcon.colcon_core.environment[0m [1;30mLevel 1[0m checking '/home/tirth/ENPM700/ros2/my_beginner_tutorials/beginner_tutorials/install/beginner_tutorials' for CMake config files
[6.449s] [34mcolcon.colcon_core.shell[0m [1;30mLevel 1[0m create_environment_hook('beginner_tutorials', 'cmake_prefix_path')
[6.449s] [34mcolcon.colcon_core.shell[0m [1;30mINFO[0m Creating environment hook '/home/tirth/ENPM700/ros2/my_beginner_tutorials/beginner_tutorials/install/beginner_tutorials/share/beginner_tutorials/hook/cmake_prefix_path.ps1'
[6.450s] [34mcolcon.colcon_core.shell[0m [1;30mINFO[0m Creating environment descriptor '/home/tirth/ENPM700/ros2/my_beginner_tutorials/beginner_tutorials/install/beginner_tutorials/share/beginner_tutorials/hook/cmake_prefix_path.dsv'
[6.451s] [34mcolcon.colcon_core.shell[0m [1;30mINFO[0m Creating environment hook '/home/tirth/ENPM700/ros2/my_beginner_tutorials/beginner_tutorials/install/beginner_tutorials/share/beginner_tutorials/hook/cmake_prefix_path.sh'
[6.451s] [34mcolcon.colcon_core.environment[0m [1;30mLevel 1[0m checking '/home/tirth/ENPM700/ros2/my_beginner_tutorials/beginner_tutorials/install/beginner_tutorials/lib'
[6.452s] [34mcolcon.colcon_core.environment[0m [1;30mLevel 1[0m checking '/home/tirth/ENPM700/ros2/my_beginner_tutorials/beginner_tutorials/install/beginner_tutorials/bin'
[6.452s] [34mcolcon.colcon_core.environment[0m [1;30mLevel 1[0m checking '/home/tirth/ENPM700/ros2/my_beginner_tutorials/beginner_tutorials/install/beginner_tutorials/lib/pkgconfig/beginner_tutorials.pc'
[6.452s] [34mcolcon.colcon_core.environment[0m [1;30mLevel 1[0m checking '/home/tirth/ENPM700/ros2/my_beginner_tutorials/beginner_tutorials/install/beginner_tutorials/lib/python3.10/site-packages'
[6.452s] [34mcolcon.colcon_core.environment[0m [1;30mLevel 1[0m checking '/home/tirth/ENPM700/ros2/my_beginner_tutorials/beginner_tutorials/install/beginner_tutorials/bin'
[6.453s] [34mcolcon.colcon_core.shell[0m [1;30mINFO[0m Creating package script '/home/tirth/ENPM700/ros2/my_beginner_tutorials/beginner_tutorials/install/beginner_tutorials/share/beginner_tutorials/package.ps1'
[6.453s] [34mcolcon.colcon_core.shell[0m [1;30mINFO[0m Creating package descriptor '/home/tirth/ENPM700/ros2/my_beginner_tutorials/beginner_tutorials/install/beginner_tutorials/share/beginner_tutorials/package.dsv'
[6.454s] [34mcolcon.colcon_core.shell[0m [1;30mINFO[0m Creating package script '/home/tirth/ENPM700/ros2/my_beginner_tutorials/beginner_tutorials/install/beginner_tutorials/share/beginner_tutorials/package.sh'
[6.454s] [34mcolcon.colcon_core.shell[0m [1;30mINFO[0m Creating package script '/home/tirth/ENPM700/ros2/my_beginner_tutorials/beginner_tutorials/install/beginner_tutorials/share/beginner_tutorials/package.bash'
[6.454s] [34mcolcon.colcon_core.shell[0m [1;30mINFO[0m Creating package script '/home/tirth/ENPM700/ros2/my_beginner_tutorials/beginner_tutorials/install/beginner_tutorials/share/beginner_tutorials/package.zsh'
[6.455s] [34mcolcon.colcon_core.environment[0m [1;30mLevel 1[0m create_file_with_runtime_dependencies(/home/tirth/ENPM700/ros2/my_beginner_tutorials/beginner_tutorials/install/beginner_tutorials/share/colcon-core/packages/beginner_tutorials)
[6.455s] [34mcolcon.colcon_core.environment[0m [1;30mLevel 1[0m create_environment_scripts_only(beginner_tutorials)
[6.455s] [34mcolcon.colcon_core.environment[0m [1;30mLevel 1[0m checking '/home/tirth/ENPM700/ros2/my_beginner_tutorials/beginner_tutorials/install/beginner_tutorials' for CMake module files
[6.456s] [34mcolcon.colcon_core.environment[0m [1;30mLevel 1[0m checking '/home/tirth/ENPM700/ros2/my_beginner_tutorials/beginner_tutorials/install/beginner_tutorials' for CMake config files
[6.456s] [34mcolcon.colcon_core.shell[0m [1;30mLevel 1[0m create_environment_hook('beginner_tutorials', 'cmake_prefix_path')
[6.456s] [34mcolcon.colcon_core.shell[0m [1;30mINFO[0m Creating environment hook '/home/tirth/ENPM700/ros2/my_beginner_tutorials/beginner_tutorials/install/beginner_tutorials/share/beginner_tutorials/hook/cmake_prefix_path.ps1'
[6.456s] [34mcolcon.colcon_core.shell[0m [1;30mINFO[0m Creating environment descriptor '/home/tirth/ENPM700/ros2/my_beginner_tutorials/beginner_tutorials/install/beginner_tutorials/share/beginner_tutorials/hook/cmake_prefix_path.dsv'
[6.456s] [34mcolcon.colcon_core.shell[0m [1;30mINFO[0m Creating environment hook '/home/tirth/ENPM700/ros2/my_beginner_tutorials/beginner_tutorials/install/beginner_tutorials/share/beginner_tutorials/hook/cmake_prefix_path.sh'
[6.457s] [34mcolcon.colcon_core.environment[0m [1;30mLevel 1[0m checking '/home/tirth/ENPM700/ros2/my_beginner_tutorials/beginner_tutorials/install/beginner_tutorials/lib'
[6.457s] [34mcolcon.colcon_core.environment[0m [1;30mLevel 1[0m checking '/home/tirth/ENPM700/ros2/my_beginner_tutorials/beginner_tutorials/install/beginner_tutorials/bin'
[6.457s] [34mcolcon.colcon_core.environment[0m [1;30mLevel 1[0m checking '/home/tirth/ENPM700/ros2/my_beginner_tutorials/beginner_tutorials/install/beginner_tutorials/lib/pkgconfig/beginner_tutorials.pc'
[6.457s] [34mcolcon.colcon_core.environment[0m [1;30mLevel 1[0m checking '/home/tirth/ENPM700/ros2/my_beginner_tutorials/beginner_tutorials/install/beginner_tutorials/lib/python3.10/site-packages'
[6.457s] [34mcolcon.colcon_core.environment[0m [1;30mLevel 1[0m checking '/home/tirth/ENPM700/ros2/my_beginner_tutorials/beginner_tutorials/install/beginner_tutorials/bin'
[6.457s] [34mcolcon.colcon_core.shell[0m [1;30mINFO[0m Creating package script '/home/tirth/ENPM700/ros2/my_beginner_tutorials/beginner_tutorials/install/beginner_tutorials/share/beginner_tutorials/package.ps1'
[6.457s] [34mcolcon.colcon_core.shell[0m [1;30mINFO[0m Creating package descriptor '/home/tirth/ENPM700/ros2/my_beginner_tutorials/beginner_tutorials/install/beginner_tutorials/share/beginner_tutorials/package.dsv'
[6.458s] [34mcolcon.colcon_core.shell[0m [1;30mINFO[0m Creating package script '/home/tirth/ENPM700/ros2/my_beginner_tutorials/beginner_tutorials/install/beginner_tutorials/share/beginner_tutorials/package.sh'
[6.458s] [34mcolcon.colcon_core.shell[0m [1;30mINFO[0m Creating package script '/home/tirth/ENPM700/ros2/my_beginner_tutorials/beginner_tutorials/install/beginner_tutorials/share/beginner_tutorials/package.bash'
[6.458s] [34mcolcon.colcon_core.shell[0m [1;30mINFO[0m Creating package script '/home/tirth/ENPM700/ros2/my_beginner_tutorials/beginner_tutorials/install/beginner_tutorials/share/beginner_tutorials/package.zsh'
[6.458s] [34mcolcon.colcon_core.environment[0m [1;30mLevel 1[0m create_file_with_runtime_dependencies(/home/tirth/ENPM700/ros2/my_beginner_tutorials/beginner_tutorials/install/beginner_tutorials/share/colcon-core/packages/beginner_tutorials)
[6.458s] [34mcolcon.colcon_parallel_executor.executor.parallel[0m [1;30mDEBUG[0m [32mclosing loop[0m
[6.459s] [34mcolcon.colcon_parallel_executor.executor.parallel[0m [1;30mDEBUG[0m [32mloop closed[0m
[6.459s] [34mcolcon.colcon_parallel_executor.executor.parallel[0m [1;30mDEBUG[0m [32mrun_until_complete finished with '0'[0m
[6.459s] [34mcolcon.colcon_core.event_reactor[0m [1;30mDEBUG[0m [32mjoining thread[0m
[6.462s] [34mcolcon.colcon_core.plugin_system[0m [1;30mINFO[0m Skipping extension 'colcon_notification.desktop_notification.terminal_notifier': Not used on non-Darwin systems
[6.462s] [34mcolcon.colcon_core.plugin_system[0m [1;30mINFO[0m Skipping extension 'colcon_notification.desktop_notification.win32': Not used on non-Windows systems
[6.462s] [34mcolcon.colcon_notification.desktop_notification[0m [1;30mINFO[0m Sending desktop notification using 'notify2'
[6.473s] [34mcolcon.colcon_core.event_reactor[0m [1;30mDEBUG[0m [32mjoined thread[0m
[6.474s] [34mcolcon.colcon_core.shell[0m [1;30mINFO[0m Creating prefix script '/home/tirth/ENPM700/ros2/my_beginner_tutorials/beginner_tutorials/install/local_setup.ps1'
[6.474s] [34mcolcon.colcon_core.shell[0m [1;30mINFO[0m Creating prefix util module '/home/tirth/ENPM700/ros2/my_beginner_tutorials/beginner_tutorials/install/_local_setup_util_ps1.py'
[6.475s] [34mcolcon.colcon_core.shell[0m [1;30mINFO[0m Creating prefix chain script '/home/tirth/ENPM700/ros2/my_beginner_tutorials/beginner_tutorials/install/setup.ps1'
[6.476s] [34mcolcon.colcon_core.shell[0m [1;30mINFO[0m Creating prefix script '/home/tirth/ENPM700/ros2/my_beginner_tutorials/beginner_tutorials/install/local_setup.sh'
[6.476s] [34mcolcon.colcon_core.shell[0m [1;30mINFO[0m Creating prefix util module '/home/tirth/ENPM700/ros2/my_beginner_tutorials/beginner_tutorials/install/_local_setup_util_sh.py'
[6.477s] [34mcolcon.colcon_core.shell[0m [1;30mINFO[0m Creating prefix chain script '/home/tirth/ENPM700/ros2/my_beginner_tutorials/beginner_tutorials/install/setup.sh'
[6.478s] [34mcolcon.colcon_core.shell[0m [1;30mINFO[0m Creating prefix script '/home/tirth/ENPM700/ros2/my_beginner_tutorials/beginner_tutorials/install/local_setup.bash'
[6.478s] [34mcolcon.colcon_core.shell[0m [1;30mINFO[0m Creating prefix chain script '/home/tirth/ENPM700/ros2/my_beginner_tutorials/beginner_tutorials/install/setup.bash'
[6.479s] [34mcolcon.colcon_core.shell[0m [1;30mINFO[0m Creating prefix script '/home/tirth/ENPM700/ros2/my_beginner_tutorials/beginner_tutorials/install/local_setup.zsh'
[6.479s] [34mcolcon.colcon_core.shell[0m [1;30mINFO[0m Creating prefix chain script '/home/tirth/ENPM700/ros2/my_beginner_tutorials/beginner_tutorials/install/setup.zsh'
